<?xml version="1.0" encoding="UTF-8"?>
<testng-results ignored="0" total="2" passed="2" failed="0" skipped="0">
  <reporter-output>
  </reporter-output>
  <suite started-at="2025-06-10T09:28:08 IST" name="Default suite" finished-at="2025-06-10T09:28:11 IST" duration-ms="2508">
    <groups>
    </groups>
    <test started-at="2025-06-10T09:28:08 IST" name="Default test" finished-at="2025-06-10T09:28:11 IST" duration-ms="2508">
      <class name="tests.TestExamples">
        <test-method signature="Test_1()[pri:0, instance:tests.TestExamples@3012646b]" started-at="2025-06-10T09:28:08 IST" name="Test_1" finished-at="2025-06-10T09:28:10 IST" duration-ms="1622" status="PASS">
          <reporter-output>
          </reporter-output>
        </test-method> <!-- Test_1 -->
        <test-method signature="Test_2()[pri:0, instance:tests.TestExamples@3012646b]" started-at="2025-06-10T09:28:10 IST" name="Test_2" finished-at="2025-06-10T09:28:11 IST" duration-ms="840" status="PASS">
          <reporter-output>
          </reporter-output>
        </test-method> <!-- Test_2 -->
      </class> <!-- tests.TestExamples -->
    </test> <!-- Default test -->
  </suite> <!-- Default suite -->
</testng-results>
